/!\ FAILSAFE /!\  Tue Feb 09 14:51:14 -0200 2010
  Status: 500 Internal Server Error
  no such file to load -- sqlite3
    /Users/memuller/.rvm/ree-1.8.7-2009.10/lib/ruby/site_ruby/1.8/rubygems/custom_require.rb:31:in `gem_original_require'
    /Users/memuller/.rvm/ree-1.8.7-2009.10/lib/ruby/site_ruby/1.8/rubygems/custom_require.rb:31:in `require'
    /Users/memuller/.rvm/gems/ree/1.8.7/gems/activesupport-2.3.4/lib/active_support/dependencies.rb:156:in `require'
    /Users/memuller/.rvm/gems/ree/1.8.7/gems/activesupport-2.3.4/lib/active_support/dependencies.rb:521:in `new_constants_in'
    /Users/memuller/.rvm/gems/ree/1.8.7/gems/activesupport-2.3.4/lib/active_support/dependencies.rb:156:in `require'
    /Users/memuller/.rvm/gems/ree/1.8.7/gems/activesupport-2.3.4/lib/active_support/core_ext/kernel/requires.rb:7:in `require_library_or_gem'
    /Users/memuller/.rvm/gems/ree/1.8.7/gems/activesupport-2.3.4/lib/active_support/core_ext/kernel/reporting.rb:11:in `silence_warnings'
    /Users/memuller/.rvm/gems/ree/1.8.7/gems/activesupport-2.3.4/lib/active_support/core_ext/kernel/requires.rb:5:in `require_library_or_gem'
    /Users/memuller/.rvm/gems/ree/1.8.7/gems/activerecord-2.3.4/lib/active_record/connection_adapters/sqlite3_adapter.rb:10:in `sqlite3_connection'
    /Users/memuller/.rvm/gems/ree/1.8.7/gems/activerecord-2.3.4/lib/active_record/connection_adapters/abstract/connection_pool.rb:223:in `send'
    /Users/memuller/.rvm/gems/ree/1.8.7/gems/activerecord-2.3.4/lib/active_record/connection_adapters/abstract/connection_pool.rb:223:in `new_connection'
    /Users/memuller/.rvm/gems/ree/1.8.7/gems/activerecord-2.3.4/lib/active_record/connection_adapters/abstract/connection_pool.rb:245:in `checkout_new_connection'
    /Users/memuller/.rvm/gems/ree/1.8.7/gems/activerecord-2.3.4/lib/active_record/connection_adapters/abstract/connection_pool.rb:188:in `checkout'
    /Users/memuller/.rvm/gems/ree/1.8.7/gems/activerecord-2.3.4/lib/active_record/connection_adapters/abstract/connection_pool.rb:184:in `loop'
    /Users/memuller/.rvm/gems/ree/1.8.7/gems/activerecord-2.3.4/lib/active_record/connection_adapters/abstract/connection_pool.rb:184:in `checkout'
    /Users/memuller/.rvm/ree-1.8.7-2009.10/lib/ruby/1.8/monitor.rb:242:in `synchronize'
    /Users/memuller/.rvm/gems/ree/1.8.7/gems/activerecord-2.3.4/lib/active_record/connection_adapters/abstract/connection_pool.rb:183:in `checkout'
    /Users/memuller/.rvm/gems/ree/1.8.7/gems/activerecord-2.3.4/lib/active_record/connection_adapters/abstract/connection_pool.rb:98:in `connection'
    /Users/memuller/.rvm/gems/ree/1.8.7/gems/activerecord-2.3.4/lib/active_record/connection_adapters/abstract/connection_pool.rb:326:in `retrieve_connection'
    /Users/memuller/.rvm/gems/ree/1.8.7/gems/activerecord-2.3.4/lib/active_record/connection_adapters/abstract/connection_specification.rb:123:in `retrieve_connection'
    /Users/memuller/.rvm/gems/ree/1.8.7/gems/activerecord-2.3.4/lib/active_record/connection_adapters/abstract/connection_specification.rb:115:in `connection'
    /Users/memuller/.rvm/gems/ree/1.8.7/gems/activerecord-2.3.4/lib/active_record/query_cache.rb:9:in `cache'
    /Users/memuller/.rvm/gems/ree/1.8.7/gems/activerecord-2.3.4/lib/active_record/query_cache.rb:28:in `call'
    /Users/memuller/.rvm/gems/ree/1.8.7/gems/activerecord-2.3.4/lib/active_record/connection_adapters/abstract/connection_pool.rb:361:in `call'
    /Users/memuller/.rvm/gems/ree/1.8.7/gems/rack-1.0.1/lib/rack/head.rb:9:in `call'
    /Users/memuller/.rvm/gems/ree/1.8.7/gems/rack-1.0.1/lib/rack/methodoverride.rb:24:in `call'
    /Users/memuller/.rvm/gems/ree/1.8.7/gems/actionpack-2.3.4/lib/action_controller/params_parser.rb:15:in `call'
    /Users/memuller/.rvm/gems/ree/1.8.7/gems/actionpack-2.3.4/lib/action_controller/session/cookie_store.rb:93:in `call'
    /Users/memuller/.rvm/gems/ree/1.8.7/gems/actionpack-2.3.4/lib/action_controller/failsafe.rb:26:in `call'
    /Users/memuller/.rvm/gems/ree/1.8.7/gems/rack-1.0.1/lib/rack/lock.rb:11:in `call'
    /Users/memuller/.rvm/gems/ree/1.8.7/gems/rack-1.0.1/lib/rack/lock.rb:11:in `synchronize'
    /Users/memuller/.rvm/gems/ree/1.8.7/gems/rack-1.0.1/lib/rack/lock.rb:11:in `call'
    /Users/memuller/.rvm/gems/ree/1.8.7/gems/actionpack-2.3.4/lib/action_controller/dispatcher.rb:114:in `call'
    /Users/memuller/.rvm/gems/ree/1.8.7/gems/actionpack-2.3.4/lib/action_controller/reloader.rb:34:in `run'
    /Users/memuller/.rvm/gems/ree/1.8.7/gems/actionpack-2.3.4/lib/action_controller/dispatcher.rb:108:in `call'
    /Users/memuller/.rvm/gems/ree/1.8.7/gems/rails-2.3.4/lib/rails/rack/static.rb:31:in `call'
    /Users/memuller/.rvm/gems/ree/1.8.7/gems/rack-1.0.1/lib/rack/urlmap.rb:46:in `call'
    /Users/memuller/.rvm/gems/ree/1.8.7/gems/rack-1.0.1/lib/rack/urlmap.rb:40:in `each'
    /Users/memuller/.rvm/gems/ree/1.8.7/gems/rack-1.0.1/lib/rack/urlmap.rb:40:in `call'
    /Users/memuller/.rvm/gems/ree/1.8.7/gems/rails-2.3.4/lib/rails/rack/log_tailer.rb:17:in `call'
    /Users/memuller/.rvm/gems/ree/1.8.7/gems/rack-1.0.1/lib/rack/content_length.rb:13:in `call'
    /Users/memuller/.rvm/gems/ree/1.8.7/gems/rack-1.0.1/lib/rack/chunked.rb:15:in `call'
    /Users/memuller/.rvm/gems/ree/1.8.7/gems/rack-1.0.1/lib/rack/handler/mongrel.rb:64:in `process'
    /Users/memuller/.rvm/gems/ree/1.8.7/gems/mongrel-1.1.5/lib/mongrel.rb:159:in `process_client'
    /Users/memuller/.rvm/gems/ree/1.8.7/gems/mongrel-1.1.5/lib/mongrel.rb:158:in `each'
    /Users/memuller/.rvm/gems/ree/1.8.7/gems/mongrel-1.1.5/lib/mongrel.rb:158:in `process_client'
    /Users/memuller/.rvm/gems/ree/1.8.7/gems/mongrel-1.1.5/lib/mongrel.rb:285:in `run'
    /Users/memuller/.rvm/gems/ree/1.8.7/gems/mongrel-1.1.5/lib/mongrel.rb:285:in `initialize'
    /Users/memuller/.rvm/gems/ree/1.8.7/gems/mongrel-1.1.5/lib/mongrel.rb:285:in `new'
    /Users/memuller/.rvm/gems/ree/1.8.7/gems/mongrel-1.1.5/lib/mongrel.rb:285:in `run'
    /Users/memuller/.rvm/gems/ree/1.8.7/gems/mongrel-1.1.5/lib/mongrel.rb:268:in `initialize'
    /Users/memuller/.rvm/gems/ree/1.8.7/gems/mongrel-1.1.5/lib/mongrel.rb:268:in `new'
    /Users/memuller/.rvm/gems/ree/1.8.7/gems/mongrel-1.1.5/lib/mongrel.rb:268:in `run'
    /Users/memuller/.rvm/gems/ree/1.8.7/gems/rack-1.0.1/lib/rack/handler/mongrel.rb:34:in `run'
    /Users/memuller/.rvm/gems/ree/1.8.7/gems/rails-2.3.4/lib/commands/server.rb:111
    /Users/memuller/.rvm/ree-1.8.7-2009.10/lib/ruby/site_ruby/1.8/rubygems/custom_require.rb:31:in `gem_original_require'
    /Users/memuller/.rvm/ree-1.8.7-2009.10/lib/ruby/site_ruby/1.8/rubygems/custom_require.rb:31:in `require'
    script/server:3


Processing ApplicationController#index (for 127.0.0.1 at 2010-02-09 14:53:00) [GET]

ActionController::RoutingError (No route matches "/category" with {:method=>:get}):
  

Rendering rescues/layout (not_found)


Processing CategoriesController#index (for 127.0.0.1 at 2010-02-09 14:53:16) [GET]
Rendering template within layouts/application
Rendering categories/index
Completed in 168ms (View: 127 | 200 OK [http://localhost/categories]


Processing CategoriesController#new (for 127.0.0.1 at 2010-02-09 14:53:19) [GET]
Rendering template within layouts/application
Rendering categories/new
Rendered categories/_form (19.5ms)
Completed in 230ms (View: 198 | 200 OK [http://localhost/categories/new]


Processing CategoriesController#create (for 127.0.0.1 at 2010-02-09 14:53:34) [POST]
  Parameters: {"category"=>{"name"=>"Canais", "description"=>"canais da CN."}, "commit"=>"Submit", "authenticity_token"=>"XU4KeiQR1FIfGd/labdu9s8gSDiu+xxxeOiuxJkTT/s="}
Redirected to http://localhost:3000/categories/4b71930e1637fd371e000001
Completed in 377ms | 302 Found [http://localhost/categories]


Processing CategoriesController#show (for 127.0.0.1 at 2010-02-09 14:53:34) [GET]
  Parameters: {"id"=>"4b71930e1637fd371e000001"}
Rendering template within layouts/application
Rendering categories/show
Completed in 6828ms (View: 35 | 200 OK [http://localhost/categories/4b71930e1637fd371e000001]


Processing CategoriesController#index (for 127.0.0.1 at 2010-02-09 14:53:51) [GET]
Rendering template within layouts/application
Rendering categories/index
Completed in 73ms (View: 37 | 200 OK [http://localhost/categories]


Processing SubcategoriesController#index (for 127.0.0.1 at 2010-02-09 14:54:03) [GET]
Rendering template within layouts/application
Rendering subcategories/index
Completed in 46ms (View: 23 | 200 OK [http://localhost/subcategories]


Processing SubcategoriesController#new (for 127.0.0.1 at 2010-02-09 14:54:07) [GET]
Rendering template within layouts/application
Rendering subcategories/new

ActionView::TemplateError (undefined method `category_id' for #<Subcategory name: nil, _id: nil, description: nil>) on line #8 of app/views/subcategories/_form.html.erb:
5:     <%= f.text_field :name %>
6:   </p>
7:   <p>
8:     <%= f.collection_select :category_id, Category.all, :id, :name %>
9:   <p>
10:     <%= f.label :description %><br />
11:     <%= f.text_field :description %>

    /Users/memuller/.rvm/gems/ree/1.8.7/gems/mongo_mapper-0.6.10/lib/mongo_mapper/dirty.rb:25:in `method_missing'
    app/views/subcategories/_form.html.erb:8
    app/views/subcategories/_form.html.erb:1
    app/views/subcategories/new.html.erb:3

Rendered rescues/_trace (379.0ms)
Rendered rescues/_request_and_response (3.8ms)
Rendering rescues/layout (internal_server_error)


Processing SubcategoriesController#new (for 127.0.0.1 at 2010-02-09 14:55:05) [GET]
Rendering template within layouts/application
Rendering subcategories/new
Rendered subcategories/_form (37.2ms)
Completed in 62ms (View: 43 | 200 OK [http://localhost/subcategories/new]


Processing SubcategoriesController#new (for 127.0.0.1 at 2010-02-09 14:55:36) [GET]
Rendering template within layouts/application
Rendering subcategories/new
Rendered subcategories/_form (38.0ms)
Completed in 75ms (View: 55 | 200 OK [http://localhost/subcategories/new]


Processing SubcategoriesController#new (for 127.0.0.1 at 2010-02-09 14:55:37) [GET]
Rendering template within layouts/application
Rendering subcategories/new
Rendered subcategories/_form (36.1ms)
Completed in 62ms (View: 41 | 200 OK [http://localhost/subcategories/new]


Processing SubcategoriesController#new (for 127.0.0.1 at 2010-02-09 14:55:44) [GET]
Rendering template within layouts/application
Rendering subcategories/new
Rendered subcategories/_form (39.5ms)
Completed in 76ms (View: 54 | 200 OK [http://localhost/subcategories/new]


Processing SubcategoriesController#new (for 127.0.0.1 at 2010-02-09 14:55:45) [GET]
Rendering template within layouts/application
Rendering subcategories/new
Rendered subcategories/_form (36.1ms)
Completed in 186ms (View: 41 | 200 OK [http://localhost/subcategories/new]


Processing SubcategoriesController#new (for 127.0.0.1 at 2010-02-09 14:56:14) [GET]
Rendering template within layouts/application
Rendering subcategories/new
Rendered subcategories/_form (40.1ms)
Completed in 76ms (View: 55 | 200 OK [http://localhost/subcategories/new]


Processing SubcategoriesController#new (for 127.0.0.1 at 2010-02-09 14:56:15) [GET]
Rendering template within layouts/application
Rendering subcategories/new
Rendered subcategories/_form (39.3ms)
Completed in 64ms (View: 44 | 200 OK [http://localhost/subcategories/new]


Processing SubcategoriesController#new (for 127.0.0.1 at 2010-02-09 14:56:28) [GET]
Rendering template within layouts/application
Rendering subcategories/new
Rendered subcategories/_form (91.6ms)
Completed in 162ms (View: 139 | 200 OK [http://localhost/subcategories/new]


Processing SubcategoriesController#new (for 127.0.0.1 at 2010-02-09 14:56:29) [GET]
Rendering template within layouts/application
Rendering subcategories/new
Rendered subcategories/_form (161.1ms)
Completed in 188ms (View: 167 | 200 OK [http://localhost/subcategories/new]


Processing SubcategoriesController#new (for 127.0.0.1 at 2010-02-09 14:56:36) [GET]
Rendering template within layouts/application
Rendering subcategories/new
Rendered subcategories/_form (39.5ms)
Completed in 80ms (View: 59 | 200 OK [http://localhost/subcategories/new]


Processing SubcategoriesController#new (for 127.0.0.1 at 2010-02-09 14:56:48) [GET]
Rendering template within layouts/application
Rendering subcategories/new
Rendered subcategories/_form (38.1ms)
Completed in 81ms (View: 60 | 200 OK [http://localhost/subcategories/new]


Processing SubcategoriesController#index (for 127.0.0.1 at 2010-02-09 14:57:01) [GET]
Rendering template within layouts/application
Rendering subcategories/index
Completed in 41ms (View: 20 | 200 OK [http://localhost/subcategories]


Processing SubcategoriesController#new (for 127.0.0.1 at 2010-02-09 14:58:38) [GET]
Rendering template within layouts/application
Rendering subcategories/new

ActionView::TemplateError (undefined method `category_id' for #<Subcategory:0x1caf944>) on line #9 of app/views/subcategories/_form.html.erb:
6:   </p>
7:   <p>
8:     <%= f.label :category %> <br />
9:     <%= f.collection_select :category_id, Category.all, :id, :name %>
10:   <p>
11:     <%= f.label :description %><br />
12:     <%= f.text_field :description %>

    app/views/subcategories/_form.html.erb:9
    app/views/subcategories/_form.html.erb:1
    app/views/subcategories/new.html.erb:3

Rendered rescues/_trace (437.5ms)
Rendered rescues/_request_and_response (4.9ms)
Rendering rescues/layout (internal_server_error)


Processing SubcategoriesController#new (for 127.0.0.1 at 2010-02-09 14:59:44) [GET]
Rendering template within layouts/application
Rendering subcategories/new
Rendered subcategories/_form (52.1ms)
Completed in 90ms (View: 60 | 200 OK [http://localhost/subcategories/new]
